<?xml version="1.0" encoding="UTF-8"?>
<!-- Generated by org.testng.reporters.JUnitReportReporter -->
<testsuite hostname="user-PC" name="TestCases.verifyLoginPagewithReports" tests="1" failures="0" timestamp="2 Apr 2017 05:25:22 GMT" time="30.059" errors="0">
  <testcase name="verifylogin" time="30.059" classname="TestCases.verifyLoginPagewithReports"/>
</testsuite> <!-- TestCases.verifyLoginPagewithReports -->
