<?xml version="1.0" encoding="UTF-8"?>
<!-- Generated by org.testng.reporters.JUnitReportReporter -->
<testsuite hostname="user-PC" name="TestCases.verifyLoginPage" tests="1" failures="0" timestamp="2 Apr 2017 04:50:55 GMT" time="29.898" errors="0">
  <testcase name="verifylogin" time="29.898" classname="TestCases.verifyLoginPage"/>
</testsuite> <!-- TestCases.verifyLoginPage -->
