<?xml version="1.0" encoding="UTF-8"?>
<!-- Generated by org.testng.reporters.JUnitReportReporter -->
<testsuite hostname="user-PC" name="TestCases.VerifyHomePage" tests="1" failures="0" timestamp="15 Apr 2017 06:05:34 GMT" time="21.387" errors="0">
  <testcase name="testhomepage" time="21.387" classname="TestCases.VerifyHomePage"/>
</testsuite> <!-- TestCases.VerifyHomePage -->
